<?xml version="1.0" encoding="UTF-8"?>
<testsuites name="jest tests" tests="17" failures="0" errors="0" time="20.732">
  <testsuite name="undefined" errors="0" failures="0" skipped="0" timestamp="2022-01-06T12:35:28" time="2.925" tests="1">
    <testcase classname=" webhook server" name=" webhook server" time="0.649">
    </testcase>
  </testsuite>
  <testsuite name="undefined" errors="0" failures="0" skipped="0" timestamp="2022-01-06T12:35:28" time="4.427" tests="3">
    <testcase classname=" quick start" name=" quick start" time="0.692">
    </testcase>
    <testcase classname=" fetch setup" name=" fetch setup" time="0.636">
    </testcase>
    <testcase classname=" controller use" name=" controller use" time="1.024">
    </testcase>
  </testsuite>
  <testsuite name="different ways to import and instantiate a MailSlurp client" errors="0" failures="0" skipped="0" timestamp="2022-01-06T12:35:28" time="7.231" tests="4">
    <testcase classname="different ways to import and instantiate a MailSlurp client a standard client can be instantiated by importing/requiring the default MailSlurp class" name="different ways to import and instantiate a MailSlurp client a standard client can be instantiated by importing/requiring the default MailSlurp class" time="0.002">
    </testcase>
    <testcase classname="different ways to import and instantiate a MailSlurp client the standard client doesn&apos;t have all functions so importing individual api controllers is recommended" name="different ways to import and instantiate a MailSlurp client the standard client doesn&apos;t have all functions so importing individual api controllers is recommended" time="0">
    </testcase>
    <testcase classname="common usage patterns using default client can create inboxes" name="common usage patterns using default client can create inboxes" time="2.304">
    </testcase>
    <testcase classname="using controller instances for more features can wait for emails" name="using controller instances for more features can wait for emails" time="2.831">
    </testcase>
  </testsuite>
  <testsuite name="wait for" errors="0" failures="0" skipped="0" timestamp="2022-01-06T12:35:28" time="13.643" tests="3">
    <testcase classname="wait for can wait for multiple emails" name="wait for can wait for multiple emails" time="4.477">
    </testcase>
    <testcase classname="wait for matching can wait for matching emails" name="wait for matching can wait for matching emails" time="3.215">
    </testcase>
    <testcase classname="extract email content extract content" name="extract email content extract content" time="3.85">
    </testcase>
  </testsuite>
  <testsuite name="undefined" errors="0" failures="0" skipped="0" timestamp="2022-01-06T12:35:28" time="19.377" tests="6">
    <testcase classname=" can create inboxes" name=" can create inboxes" time="2.683">
    </testcase>
    <testcase classname="get an inbox can get a full inbox" name="get an inbox can get a full inbox" time="1.007">
    </testcase>
    <testcase classname="inbox pagination can list inboxes in paginated form" name="inbox pagination can list inboxes in paginated form" time="1.258">
    </testcase>
    <testcase classname="wait_for_latest inbox wait for" name="wait_for_latest inbox wait for" time="5.635">
    </testcase>
    <testcase classname="send email can send simple" name="send email can send simple" time="1.801">
    </testcase>
    <testcase classname="send email attachments" name="send email attachments" time="4.844">
    </testcase>
  </testsuite>
</testsuites>